This is pdfTeX, Version 3.14159265-2.6-1.40.21 (TeX Live 2020/Arch Linux) (preloaded format=pdflatex 2020.9.13)  18 SEP 2020 13:59
entering extended mode
 restricted \write18 enabled.
 file:line:error style messages enabled.
 %&-line parsing enabled.
**/home/mroe/workspace/notes/uni/dissertation/writeup/Main.tex
(/home/mroe/workspace/notes/uni/dissertation/writeup/Main.tex
LaTeX2e <2020-02-02> patch level 5
L3 programming layer <2020-06-03> (/usr/share/texmf-dist/tex/latex/base/book.cls
Document Class: book 2019/12/20 v1.4l Standard LaTeX document class
(/usr/share/texmf-dist/tex/latex/base/bk12.clo
File: bk12.clo 2019/12/20 v1.4l Standard LaTeX file (size option)
)
\c@part=\count167
\c@chapter=\count168
\c@section=\count169
\c@subsection=\count170
\c@subsubsection=\count171
\c@paragraph=\count172
\c@subparagraph=\count173
\c@figure=\count174
\c@table=\count175
\abovecaptionskip=\skip47
\belowcaptionskip=\skip48
\bibindent=\dimen134
) (/usr/share/texmf-dist/tex/latex/xcolor/xcolor.sty
Package: xcolor 2016/05/11 v2.12 LaTeX color extensions (UK)
 (/usr/share/texmf-dist/tex/latex/graphics-cfg/color.cfg
File: color.cfg 2016/01/02 v1.6 sample color configuration
)
Package xcolor Info: Driver file: pdftex.def on input line 225.
 (/usr/share/texmf-dist/tex/latex/graphics-def/pdftex.def
File: pdftex.def 2018/01/08 v1.0l Graphics/color driver for pdftex
) (/usr/share/texmf-dist/tex/latex/colortbl/colortbl.sty
Package: colortbl 2020/01/04 v1.0e Color table columns (DPC)
 (/usr/share/texmf-dist/tex/latex/tools/array.sty
Package: array 2019/08/31 v2.4l Tabular extension package (FMi)
\col@sep=\dimen135
\ar@mcellbox=\box45
\extrarowheight=\dimen136
\NC@list=\toks15
\extratabsurround=\skip49
\backup@length=\skip50
\ar@cellbox=\box46
)
\everycr=\toks16
\minrowclearance=\skip51
)
\rownum=\count176
Package xcolor Info: Model `cmy' substituted by `cmy0' on input line 1348.
Package xcolor Info: Model `hsb' substituted by `rgb' on input line 1352.
Package xcolor Info: Model `RGB' extended on input line 1364.
Package xcolor Info: Model `HTML' substituted by `rgb' on input line 1366.
Package xcolor Info: Model `Hsb' substituted by `hsb' on input line 1367.
Package xcolor Info: Model `tHsb' substituted by `hsb' on input line 1368.
Package xcolor Info: Model `HSB' substituted by `hsb' on input line 1369.
Package xcolor Info: Model `Gray' substituted by `gray' on input line 1370.
Package xcolor Info: Model `wave' substituted by `hsb' on input line 1371.
) (/usr/share/texmf-dist/tex/latex/fancyhdr/fancyhdr.sty
Package: fancyhdr 2019/01/31 v3.10 Extensive control of page headers and footers
\f@nch@headwidth=\skip52
\f@nch@O@elh=\skip53
\f@nch@O@erh=\skip54
\f@nch@O@olh=\skip55
\f@nch@O@orh=\skip56
\f@nch@O@elf=\skip57
\f@nch@O@erf=\skip58
\f@nch@O@olf=\skip59
\f@nch@O@orf=\skip60
) (/usr/share/texmf-dist/tex/latex/pdfpages/pdfpages.sty
Package: pdfpages 2020/01/28 v0.5q Insert pages of external PDF documents (AM)
 (/usr/share/texmf-dist/tex/latex/base/ifthen.sty
Package: ifthen 2014/09/29 v1.1c Standard LaTeX ifthen package (DPC)
) (/usr/share/texmf-dist/tex/latex/tools/calc.sty
Package: calc 2017/05/25 v4.3 Infix arithmetic (KKT,FJ)
\calc@Acount=\count177
\calc@Bcount=\count178
\calc@Adimen=\dimen137
\calc@Bdimen=\dimen138
\calc@Askip=\skip61
\calc@Bskip=\skip62
LaTeX Info: Redefining \setlength on input line 80.
LaTeX Info: Redefining \addtolength on input line 81.
\calc@Ccount=\count179
\calc@Cskip=\skip63
) (/usr/share/texmf-dist/tex/latex/eso-pic/eso-pic.sty
Package: eso-pic 2018/04/12 v2.0h eso-pic (RN)
 (/usr/share/texmf-dist/tex/generic/atbegshi/atbegshi.sty
Package: atbegshi 2019/12/05 v1.19 At begin shipout hook (HO)
 (/usr/share/texmf-dist/tex/generic/infwarerr/infwarerr.sty
Package: infwarerr 2019/12/03 v1.5 Providing info/warning/error messages (HO)
) (/usr/share/texmf-dist/tex/generic/ltxcmds/ltxcmds.sty
Package: ltxcmds 2019/12/15 v1.24 LaTeX kernel commands for general use (HO)
) (/usr/share/texmf-dist/tex/generic/iftex/iftex.sty
Package: iftex 2020/03/06 v1.0d TeX engine tests
)) (/usr/share/texmf-dist/tex/latex/graphics/keyval.sty
Package: keyval 2014/10/28 v1.15 key=value parser (DPC)
\KV@toks@=\toks17
)) (/usr/share/texmf-dist/tex/latex/graphics/graphicx.sty
Package: graphicx 2019/11/30 v1.2a Enhanced LaTeX Graphics (DPC,SPQR)
 (/usr/share/texmf-dist/tex/latex/graphics/graphics.sty
Package: graphics 2019/11/30 v1.4a Standard LaTeX Graphics (DPC,SPQR)
 (/usr/share/texmf-dist/tex/latex/graphics/trig.sty
Package: trig 2016/01/03 v1.10 sin cos tan (DPC)
) (/usr/share/texmf-dist/tex/latex/graphics-cfg/graphics.cfg
File: graphics.cfg 2016/06/04 v1.11 sample graphics configuration
)
Package graphics Info: Driver file: pdftex.def on input line 105.
)
\Gin@req@height=\dimen139
\Gin@req@width=\dimen140
)
\AM@pagewidth=\dimen141
\AM@pageheight=\dimen142
 (/usr/share/texmf-dist/tex/latex/pdfpages/pppdftex.def
File: pppdftex.def 2020/01/28 v0.5q Pdfpages driver for pdfTeX (AM)
)
\AM@pagebox=\box47
\AM@global@opts=\toks18
\AM@pagecnt=\count180
\AM@toc@title=\toks19
\c@AM@survey=\count181
\AM@templatesizebox=\box48
) (/usr/share/texmf-dist/tex/latex/mathtools/mathtools.sty
Package: mathtools 2020/03/24 v1.24 mathematical typesetting tools
 (/usr/share/texmf-dist/tex/latex/mathtools/mhsetup.sty
Package: mhsetup 2017/03/31 v1.3 programming setup (MH)
) (/usr/share/texmf-dist/tex/latex/amsmath/amsmath.sty
Package: amsmath 2020/01/20 v2.17e AMS math features
\@mathmargin=\skip64

For additional information on amsmath, use the `?' option.
(/usr/share/texmf-dist/tex/latex/amsmath/amstext.sty
Package: amstext 2000/06/29 v2.01 AMS text
 (/usr/share/texmf-dist/tex/latex/amsmath/amsgen.sty
File: amsgen.sty 1999/11/30 v2.0 generic functions
\@emptytoks=\toks20
\ex@=\dimen143
)) (/usr/share/texmf-dist/tex/latex/amsmath/amsbsy.sty
Package: amsbsy 1999/11/29 v1.2d Bold Symbols
\pmbraise@=\dimen144
) (/usr/share/texmf-dist/tex/latex/amsmath/amsopn.sty
Package: amsopn 2016/03/08 v2.02 operator names
)
\inf@bad=\count182
LaTeX Info: Redefining \frac on input line 227.
\uproot@=\count183
\leftroot@=\count184
LaTeX Info: Redefining \overline on input line 389.
\classnum@=\count185
\DOTSCASE@=\count186
LaTeX Info: Redefining \ldots on input line 486.
LaTeX Info: Redefining \dots on input line 489.
LaTeX Info: Redefining \cdots on input line 610.
\Mathstrutbox@=\box49
\strutbox@=\box50
\big@size=\dimen145
LaTeX Font Info:    Redeclaring font encoding OML on input line 733.
LaTeX Font Info:    Redeclaring font encoding OMS on input line 734.
\macc@depth=\count187
\c@MaxMatrixCols=\count188
\dotsspace@=\muskip16
\c@parentequation=\count189
\dspbrk@lvl=\count190
\tag@help=\toks21
\row@=\count191
\column@=\count192
\maxfields@=\count193
\andhelp@=\toks22
\eqnshift@=\dimen146
\alignsep@=\dimen147
\tagshift@=\dimen148
\tagwidth@=\dimen149
\totwidth@=\dimen150
\lineht@=\dimen151
\@envbody=\toks23
\multlinegap=\skip65
\multlinetaggap=\skip66
\mathdisplay@stack=\toks24
LaTeX Info: Redefining \[ on input line 2859.
LaTeX Info: Redefining \] on input line 2860.
)
LaTeX Info: Thecontrolsequence`\('isalreadyrobust on input line 130.
LaTeX Info: Thecontrolsequence`\)'isalreadyrobust on input line 130.
LaTeX Info: Thecontrolsequence`\['isalreadyrobust on input line 130.
LaTeX Info: Thecontrolsequence`\]'isalreadyrobust on input line 130.
\g_MT_multlinerow_int=\count194
\l_MT_multwidth_dim=\dimen152
\origjot=\skip67
\l_MT_shortvdotswithinadjustabove_dim=\dimen153
\l_MT_shortvdotswithinadjustbelow_dim=\dimen154
\l_MT_above_intertext_sep=\dimen155
\l_MT_below_intertext_sep=\dimen156
\l_MT_above_shortintertext_sep=\dimen157
\l_MT_below_shortintertext_sep=\dimen158
\xmathstrut@box=\box51
\xmathstrut@dim=\dimen159
) (/usr/share/texmf-dist/tex/latex/hyperref/hyperref.sty
Package: hyperref 2020-05-15 v7.00e Hypertext links for LaTeX
 (/usr/share/texmf-dist/tex/latex/pdftexcmds/pdftexcmds.sty
Package: pdftexcmds 2020-06-04 v0.32 Utility functions of pdfTeX for LuaTeX (HO)
Package pdftexcmds Info: \pdf@primitive is available.
Package pdftexcmds Info: \pdf@ifprimitive is available.
Package pdftexcmds Info: \pdfdraftmode found.
) (/usr/share/texmf-dist/tex/generic/kvsetkeys/kvsetkeys.sty
Package: kvsetkeys 2019/12/15 v1.18 Key value parser (HO)
) (/usr/share/texmf-dist/tex/generic/kvdefinekeys/kvdefinekeys.sty
Package: kvdefinekeys 2019-12-19 v1.6 Define keys (HO)
) (/usr/share/texmf-dist/tex/generic/pdfescape/pdfescape.sty
Package: pdfescape 2019/12/09 v1.15 Implements pdfTeX's escape features (HO)
) (/usr/share/texmf-dist/tex/latex/hycolor/hycolor.sty
Package: hycolor 2020-01-27 v1.10 Color options for hyperref/bookmark (HO)
) (/usr/share/texmf-dist/tex/latex/letltxmacro/letltxmacro.sty
Package: letltxmacro 2019/12/03 v1.6 Let assignment for LaTeX macros (HO)
) (/usr/share/texmf-dist/tex/latex/auxhook/auxhook.sty
Package: auxhook 2019-12-17 v1.6 Hooks for auxiliary files (HO)
) (/usr/share/texmf-dist/tex/latex/kvoptions/kvoptions.sty
Package: kvoptions 2019/11/29 v3.13 Key value format for package options (HO)
)
\@linkdim=\dimen160
\Hy@linkcounter=\count195
\Hy@pagecounter=\count196
 (/usr/share/texmf-dist/tex/latex/hyperref/pd1enc.def
File: pd1enc.def 2020-05-15 v7.00e Hyperref: PDFDocEncoding definition (HO)
Now handling font encoding PD1 ...
... no UTF-8 mapping file for font encoding PD1
) (/usr/share/texmf-dist/tex/generic/intcalc/intcalc.sty
Package: intcalc 2019/12/15 v1.3 Expandable calculations with integers (HO)
) (/usr/share/texmf-dist/tex/generic/etexcmds/etexcmds.sty
Package: etexcmds 2019/12/15 v1.7 Avoid name clashes with e-TeX commands (HO)
)
\Hy@SavedSpaceFactor=\count197
Package hyperref Info: Hyper figures OFF on input line 4464.
Package hyperref Info: Link nesting OFF on input line 4469.
Package hyperref Info: Hyper index ON on input line 4472.
Package hyperref Info: Plain pages OFF on input line 4479.
Package hyperref Info: Backreferencing OFF on input line 4484.
Package hyperref Info: Implicit mode ON; LaTeX internals redefined.
Package hyperref Info: Bookmarks ON on input line 4717.
\c@Hy@tempcnt=\count198
 (/usr/share/texmf-dist/tex/latex/url/url.sty
\Urlmuskip=\muskip17
Package: url 2013/09/16  ver 3.4  Verb mode for urls, etc.
)
LaTeX Info: Redefining \url on input line 5076.
\XeTeXLinkMargin=\dimen161
 (/usr/share/texmf-dist/tex/generic/bitset/bitset.sty
Package: bitset 2019/12/09 v1.3 Handle bit-vector datatype (HO)
 (/usr/share/texmf-dist/tex/generic/bigintcalc/bigintcalc.sty
Package: bigintcalc 2019/12/15 v1.5 Expandable calculations on big integers (HO)
))
\Fld@menulength=\count199
\Field@Width=\dimen162
\Fld@charsize=\dimen163
Package hyperref Info: Hyper figures OFF on input line 6347.
Package hyperref Info: Link nesting OFF on input line 6352.
Package hyperref Info: Hyper index ON on input line 6355.
Package hyperref Info: backreferencing OFF on input line 6362.
Package hyperref Info: Link coloring OFF on input line 6367.
Package hyperref Info: Link coloring with OCG OFF on input line 6372.
Package hyperref Info: PDF/A mode OFF on input line 6377.
LaTeX Info: Redefining \ref on input line 6417.
LaTeX Info: Redefining \pageref on input line 6421.
\Hy@abspage=\count266
\c@Item=\count267
\c@Hfootnote=\count268
)
Package hyperref Info: Driver (autodetected): hpdftex.
 (/usr/share/texmf-dist/tex/latex/hyperref/hpdftex.def
File: hpdftex.def 2020-05-15 v7.00e Hyperref driver for pdfTeX
 (/usr/share/texmf-dist/tex/latex/atveryend/atveryend.sty
Package: atveryend 2019-12-11 v1.11 Hooks at the very end of document (HO)
Package atveryend Info: \enddocument detected (standard20110627).
)
\Fld@listcount=\count269
\c@bookmark@seq@number=\count270
 (/usr/share/texmf-dist/tex/latex/rerunfilecheck/rerunfilecheck.sty
Package: rerunfilecheck 2019/12/05 v1.9 Rerun checks for auxiliary files (HO)
 (/usr/share/texmf-dist/tex/generic/uniquecounter/uniquecounter.sty
Package: uniquecounter 2019/12/15 v1.4 Provide unlimited unique counter (HO)
)
Package uniquecounter Info: New unique counter `rerunfilecheck' on input line 286.
)
\Hy@SectionHShift=\skip68
) (/usr/share/texmf-dist/tex/latex/makecell/makecell.sty
Package: makecell 2009/08/03 V0.1e Managing of Tab Column Heads and Cells
\rotheadsize=\dimen164
\c@nlinenum=\count271
\TeXr@lab=\toks25
) (/usr/share/texmf-dist/tex/latex/appendix/appendix.sty
Package: appendix 2020/02/08 v1.2c extra appendix facilities
\c@@pps=\count272
\c@@ppsavesec=\count273
\c@@ppsaveapp=\count274
) (/usr/share/texmf-dist/tex/latex/listings/listings.sty
\lst@mode=\count275
\lst@gtempboxa=\box52
\lst@token=\toks26
\lst@length=\count276
\lst@currlwidth=\dimen165
\lst@column=\count277
\lst@pos=\count278
\lst@lostspace=\dimen166
\lst@width=\dimen167
\lst@newlines=\count279
\lst@lineno=\count280
\lst@maxwidth=\dimen168
 (/usr/share/texmf-dist/tex/latex/listings/lstmisc.sty
File: lstmisc.sty 2020/03/24 1.8d (Carsten Heinz)
\c@lstnumber=\count281
\lst@skipnumbers=\count282
\lst@framebox=\box53
) (/usr/share/texmf-dist/tex/latex/listings/listings.cfg
File: listings.cfg 2020/03/24 1.8d listings configuration
))
Package: listings 2020/03/24 1.8d (Carsten Heinz)
 (/usr/share/texmf-dist/tex/latex/geometry/geometry.sty
Package: geometry 2020/01/02 v5.9 Page Geometry
 (/usr/share/texmf-dist/tex/generic/iftex/ifvtex.sty
Package: ifvtex 2019/10/25 v1.7 ifvtex legacy package. Use iftex instead.
)
\Gm@cnth=\count283
\Gm@cntv=\count284
\c@Gm@tempcnt=\count285
\Gm@bindingoffset=\dimen169
\Gm@wd@mp=\dimen170
\Gm@odd@mp=\dimen171
\Gm@even@mp=\dimen172
\Gm@layoutwidth=\dimen173
\Gm@layoutheight=\dimen174
\Gm@layouthoffset=\dimen175
\Gm@layoutvoffset=\dimen176
\Gm@dimlist=\toks27
) (/usr/share/texmf-dist/tex/latex/float/float.sty
Package: float 2001/11/08 v1.3d Float enhancements (AL)
\c@float@type=\count286
\float@exts=\toks28
\float@box=\box54
\@float@everytoks=\toks29
\@floatcapt=\box55
) (/usr/share/texmf-dist/tex/latex/multirow/multirow.sty
Package: multirow 2019/05/31 v2.5 Span multiple rows of a table
\multirow@colwidth=\skip69
\multirow@cntb=\count287
\multirow@dima=\skip70
\bigstrutjot=\dimen177
) (/usr/share/texmf-dist/tex/latex/psnfss/pifont.sty
Package: pifont 2020/03/25 PSNFSS-v9.3 Pi font support (SPQR) 
LaTeX Font Info:    Trying to load font information for U+pzd on input line 63.
 (/usr/share/texmf-dist/tex/latex/psnfss/upzd.fd
File: upzd.fd 2001/06/04 font definitions for U/pzd.
)
LaTeX Font Info:    Trying to load font information for U+psy on input line 64.
 (/usr/share/texmf-dist/tex/latex/psnfss/upsy.fd
File: upsy.fd 2001/06/04 font definitions for U/psy.
)) (/usr/share/texmf-dist/tex/latex/cite/cite.sty
LaTeX Info: Redefining \cite on input line 302.
LaTeX Info: Redefining \nocite on input line 332.
Package: cite 2015/02/27  v 5.5
) (/usr/share/texmf-dist/tex/latex/titlesec/titlesec.sty
Package: titlesec 2019/10/16 v2.13 Sectioning titles
\ttl@box=\box56
\beforetitleunit=\skip71
\aftertitleunit=\skip72
\ttl@plus=\dimen178
\ttl@minus=\dimen179
\ttl@toksa=\toks30
\titlewidth=\dimen180
\titlewidthlast=\dimen181
\titlewidthfirst=\dimen182
) (/usr/share/texmf-dist/tex/latex/fancyvrb/fancyvrb.sty
Package: fancyvrb 2020/05/03 v3.6 verbatim text (tvz,hv)
\FV@CodeLineNo=\count288
\FV@InFile=\read2
\FV@TabBox=\box57
\c@FancyVerbLine=\count289
\FV@StepNumber=\count290
\FV@OutFile=\write3
) (/usr/share/texmf-dist/tex/latex/tools/verbatim.sty
Package: verbatim 2019/11/10 v1.5r LaTeX2e package for verbatim enhancements
\every@verbatim=\toks31
\verbatim@line=\toks32
\verbatim@in@stream=\read3
) (/usr/share/texmf-dist/tex/latex/tools/longtable.sty
Package: longtable 2020/01/07 v4.13 Multi-page Table package (DPC)
\LTleft=\skip73
\LTright=\skip74
\LTpre=\skip75
\LTpost=\skip76
\LTchunksize=\count291
\LTcapwidth=\dimen183
\LT@head=\box58
\LT@firsthead=\box59
\LT@foot=\box60
\LT@lastfoot=\box61
\LT@cols=\count292
\LT@rows=\count293
\c@LT@tables=\count294
\c@LT@chunks=\count295
\LT@p@ftn=\toks33
) (/usr/share/texmf-dist/tex/latex/filecontents/filecontents.sty
Package: filecontents 2019/09/20 v1.5 Create an external file from within a LaTeX document


Package filecontents Warning: This package is obsolete. Disabling it and
(filecontents)                passing control to the filecontents environment
(filecontents)                defined by the LaTeX kernel.

) (/usr/share/texmf-dist/tex/latex/notoccite/notoccite.sty
Package: notoccite 2000/07/20
) (/usr/share/texmf-dist/tex/latex/algorithm2e/algorithm2e.sty
Package: algorithm2e 2017/07/18 v5.2 algorithms environments
\c@AlgoLine=\count296
\algocf@hangindent=\skip77
 (/usr/share/texmf-dist/tex/latex/ifoddpage/ifoddpage.sty
Package: ifoddpage 2016/04/23 v1.1 Conditionals for odd/even page detection
\c@checkoddpage=\count297
) (/usr/share/texmf-dist/tex/latex/tools/xspace.sty
Package: xspace 2014/10/28 v1.13 Space after command names (DPC,MH)
) (/usr/share/texmf-dist/tex/latex/relsize/relsize.sty
Package: relsize 2013/03/29 ver 4.1
)
\skiptotal=\skip78
\skiplinenumber=\skip79
\skiprule=\skip80
\skiphlne=\skip81
\skiptext=\skip82
\skiplength=\skip83
\algomargin=\skip84
\skipalgocfslide=\skip85
\algowidth=\dimen184
\inoutsize=\dimen185
\inoutindent=\dimen186
\interspacetitleruled=\dimen187
\interspacealgoruled=\dimen188
\interspacetitleboxruled=\dimen189
\algocf@ruledwidth=\skip86
\algocf@inoutbox=\box62
\algocf@inputbox=\box63
\AlCapSkip=\skip87
\AlCapHSkip=\skip88
\algoskipindent=\skip89
\algocf@nlbox=\box64
\algocf@hangingbox=\box65
\algocf@untilbox=\box66
\algocf@skipuntil=\skip90
\algocf@capbox=\box67
\algocf@lcaptionbox=\skip91
\algoheightruledefault=\skip92
\algoheightrule=\skip93
\algotitleheightruledefault=\skip94
\algotitleheightrule=\skip95
\c@algocfline=\count298
\c@algocfproc=\count299
\c@algocf=\count300
\algocf@algoframe=\box68
\algocf@algobox=\box69
) (/home/mroe/workspace/notes/uni/dissertation/writeup/definitions.tex) (/usr/share/texmf-dist/tex/latex/l3backend/l3backend-pdfmode.def
File: l3backend-pdfmode.def 2020-06-03 L3 backend support: PDF mode
\l__kernel_color_stack_int=\count301
\l__pdf_internal_box=\box70
) (/home/mroe/workspace/notes/uni/dissertation/writeup/Main.aux

LaTeX Warning: Label `fig:rttexpset' multiply defined.


LaTeX Warning: Label `lst:dnsmasq' multiply defined.


LaTeX Warning: Label `fig:arpa21l' multiply defined.

)
LaTeX Font Info:    Checking defaults for OML/cmm/m/it on input line 85.
LaTeX Font Info:    ... okay on input line 85.
LaTeX Font Info:    Checking defaults for OMS/cmsy/m/n on input line 85.
LaTeX Font Info:    ... okay on input line 85.
LaTeX Font Info:    Checking defaults for OT1/cmr/m/n on input line 85.
LaTeX Font Info:    ... okay on input line 85.
LaTeX Font Info:    Checking defaults for T1/cmr/m/n on input line 85.
LaTeX Font Info:    ... okay on input line 85.
LaTeX Font Info:    Checking defaults for TS1/cmr/m/n on input line 85.
LaTeX Font Info:    ... okay on input line 85.
LaTeX Font Info:    Checking defaults for OMX/cmex/m/n on input line 85.
LaTeX Font Info:    ... okay on input line 85.
LaTeX Font Info:    Checking defaults for U/cmr/m/n on input line 85.
LaTeX Font Info:    ... okay on input line 85.
LaTeX Font Info:    Checking defaults for PD1/pdf/m/n on input line 85.
LaTeX Font Info:    ... okay on input line 85.
 (/usr/share/texmf-dist/tex/context/base/mkii/supp-pdf.mkii
[Loading MPS to PDF converter (version 2006.09.02).]
\scratchcounter=\count302
\scratchdimen=\dimen190
\scratchbox=\box71
\nofMPsegments=\count303
\nofMParguments=\count304
\everyMPshowfont=\toks34
\MPscratchCnt=\count305
\MPscratchDim=\dimen191
\MPnumerator=\count306
\makeMPintoPDFobject=\count307
\everyMPtoPDFconversion=\toks35
) (/usr/share/texmf-dist/tex/latex/epstopdf-pkg/epstopdf-base.sty
Package: epstopdf-base 2020-01-24 v2.11 Base part for package epstopdf
Package epstopdf-base Info: Redefining graphics rule for `.eps' on input line 485.
 (/usr/share/texmf-dist/tex/latex/latexconfig/epstopdf-sys.cfg
File: epstopdf-sys.cfg 2010/07/13 v1.3 Configuration of (r)epstopdf for TeX Live
))
\AtBeginShipoutBox=\box72
 (/usr/share/texmf-dist/tex/latex/pdflscape/pdflscape.sty
Package: pdflscape 2019/12/05 v0.12 Display of landscape pages in PDF (HO)
 (/usr/share/texmf-dist/tex/latex/graphics/lscape.sty
Package: lscape 2000/10/22 v3.01 Landscape Pages (DPC)
)
Package pdflscape Info: Auto-detected driver: pdftex on input line 81.
)
Package hyperref Info: Link coloring OFF on input line 85.
 (/usr/share/texmf-dist/tex/latex/hyperref/nameref.sty
Package: nameref 2019/09/16 v2.46 Cross-referencing by name of section
 (/usr/share/texmf-dist/tex/latex/refcount/refcount.sty
Package: refcount 2019/12/15 v3.6 Data extraction from label references (HO)
) (/usr/share/texmf-dist/tex/generic/gettitlestring/gettitlestring.sty
Package: gettitlestring 2019/12/15 v1.6 Cleanup title references (HO)
)
\c@section@level=\count308
)
LaTeX Info: Redefining \ref on input line 85.
LaTeX Info: Redefining \pageref on input line 85.
LaTeX Info: Redefining \nameref on input line 85.
 (/home/mroe/workspace/notes/uni/dissertation/writeup/Main.out) (/home/mroe/workspace/notes/uni/dissertation/writeup/Main.out)
\@outlinefile=\write4
\c@lstlisting=\count309

*geometry* driver: auto-detecting
*geometry* detected driver: pdftex
*geometry* verbose mode - [ preamble ] result:
* driver: pdftex
* paper: <default>
* layout: <same size as paper>
* layoutoffset:(h,v)=(0.0pt,0.0pt)
* modes: heightrounded 
* h-part:(L,W,R)=(113.81102pt, 386.67296pt, 113.81102pt)
* v-part:(T,H,B)=(56.9055pt, 681.15898pt, 56.9055pt)
* \paperwidth=614.295pt
* \paperheight=794.96999pt
* \textwidth=386.67296pt
* \textheight=679.0pt
* \oddsidemargin=41.54103pt
* \evensidemargin=41.54103pt
* \topmargin=-52.23828pt
* \headheight=17.0pt
* \headsep=19.8738pt
* \topskip=12.0pt
* \footskip=30.0pt
* \marginparwidth=47.0pt
* \marginparsep=7.0pt
* \columnsep=10.0pt
* \skip\footins=10.8pt plus 4.0pt minus 2.0pt
* \hoffset=0.0pt
* \voffset=0.0pt
* \mag=1000
* \@twocolumnfalse
* \@twosidefalse
* \@mparswitchfalse
* \@reversemarginfalse
* (1in=72.27pt=25.4mm, 1cm=28.453pt)

<images/UniOfYorkLogo.png, id=458, 401.5pt x 211.79124pt>
File: images/UniOfYorkLogo.png Graphic file (type png)
<use images/UniOfYorkLogo.png>
Package pdftex.def Info: images/UniOfYorkLogo.png  used on input line 95.
(pdftex.def)             Requested size: 200.7495pt x 105.89536pt.
[1


{/var/lib/texmf/fonts/map/pdftex/updmap/pdftex.map} </home/mroe/workspace/notes/uni/dissertation/writeup/images/UniOfYorkLogo.png>] [1


] (/home/mroe/workspace/notes/uni/dissertation/writeup/Main.toc
Overfull \hbox (0.85927pt too wide) in paragraph at lines 37--37
 [][] [][]\OT1/cmr/m/n/12 IDPS us-ing SDN: De-fend-ing against port-scanning and 
 []

[2

]
Overfull \hbox (5.29681pt too wide) in paragraph at lines 41--41
 [][] [][]\OT1/cmr/m/n/12 Preventing ARP poi-son-ing at-tack uti-liz-ing SDN paradigm[] [][]  
 []

[3])
\tf@toc=\write5
 [4] (/home/mroe/workspace/notes/uni/dissertation/writeup/Main.lof [5

])
\tf@lof=\write6
 [6] (/home/mroe/workspace/notes/uni/dissertation/writeup/Main.lot)
\tf@lot=\write7
 [7

] (/home/mroe/workspace/notes/uni/dissertation/writeup/Main.lol)
\tf@lol=\write8
 [8

] [9

]
Missing character: There is no â in font cmr12!
Missing character: There is no € in font cmr12!
Missing character: There is no ™ in font cmr12!

Overfull \hbox (1.35191pt too wide) in paragraph at lines 225--227
[]$\OT1/cmtt/m/n/12 https : / / www . york . ac . uk / staff / supporting-[]students / academic /
 []

Missing character: There is no â in font cmr12!
Missing character: There is no € in font cmr12!
Missing character: There is no ™ in font cmr12!

Overfull \hbox (8.02692pt too wide) in paragraph at lines 227--229
[]$\OT1/cmtt/m/n/12 https : / / www . york . ac . uk / about / departments / support-[]and-[]admin /
 []

[10

]
Chapter 1.

Underfull \hbox (badness 10000) in paragraph at lines 253--263

 []

pdfTeX warning (ext4): destination with the same identifier (name{page.1}) has been already used, duplicate ignored
<to be read again> 
                   \relax 
l.280 \newpage
               [1


] [2]
Underfull \hbox (badness 10000) in paragraph at lines 331--346

 []

[3]
Chapter 2.

Overfull \hbox (0.35497pt too wide) in paragraph at lines 364--369
\OT1/cmr/m/n/12 cussing the dif-fer-ences be-tween con-ven-tional net-works and the pro-grammable
 []


Underfull \hbox (badness 10000) in paragraph at lines 372--379

 []

[4

]
Underfull \hbox (badness 10000) in paragraph at lines 444--454

 []

[5]
<images/sdnvtrad.jpg, id=941, 1304.875pt x 734.745pt>
File: images/sdnvtrad.jpg Graphic file (type jpg)
<use images/sdnvtrad.jpg>
Package pdftex.def Info: images/sdnvtrad.jpg  used on input line 468.
(pdftex.def)             Requested size: 391.46552pt x 220.42519pt.

Overfull \hbox (4.79256pt too wide) in paragraph at lines 468--469
 [][] 
 []

[6pdfTeX warning (ext4): destination with the same identifier (name{figure.2.1}) has been already used, duplicate ignored

\AtBegShi@Output ...ipout \box \AtBeginShipoutBox 
                                                  \fi \fi 
l.489 
       </home/mroe/workspace/notes/uni/dissertation/writeup/images/sdnvtrad.jpg>]
Underfull \hbox (badness 10000) in paragraph at lines 496--499

 []


Underfull \hbox (badness 10000) in paragraph at lines 500--503

 []


Underfull \hbox (badness 3354) in paragraph at lines 504--506
\OT1/cmr/m/n/12 that act within the Data plane,
 []


Underfull \hbox (badness 4036) in paragraph at lines 504--506
\OT1/cmr/m/n/12 rout-ing traf-fic, such as switches,
 []


Underfull \hbox (badness 10000) in paragraph at lines 504--506

 []

<images/sdn_architecture.png, id=953, 317.185pt x 609.27625pt>
File: images/sdn_architecture.png Graphic file (type png)
<use images/sdn_architecture.png>
Package pdftex.def Info: images/sdn_architecture.png  used on input line 511.
(pdftex.def)             Requested size: 142.73192pt x 274.17177pt.

Overfull \hbox (5.8939pt too wide) in paragraph at lines 530--532
\OT1/cmr/m/n/12 This sec-tion cov-ers Open-Flow and it's func-tion-al-ity within the SDN paradigm,
 []

[7pdfTeX warning (ext4): destination with the same identifier (name{figure.2.2}) has been already used, duplicate ignored

\AtBegShi@Output ...ipout \box \AtBeginShipoutBox 
                                                  \fi \fi 
l.532 
       </home/mroe/workspace/notes/uni/dissertation/writeup/images/sdn_architecture.png>]
Missing character: There is no â in font cmr12!
Missing character: There is no € in font cmr12!
Missing character: There is no ™ in font cmr12!
<images/openflow13.png, id=979, 262.9825pt x 333.245pt>
File: images/openflow13.png Graphic file (type png)
<use images/openflow13.png>
Package pdftex.def Info: images/openflow13.png  used on input line 556.
(pdftex.def)             Requested size: 157.7907pt x 199.94853pt.

Overfull \hbox (26.80208pt too wide) in paragraph at lines 568--572
 [][] 
 []

[8pdfTeX warning (ext4): destination with the same identifier (name{figure.2.3}) has been already used, duplicate ignored

\AtBegShi@Output ...ipout \box \AtBeginShipoutBox 
                                                  \fi \fi 
l.574 \end{table}
                  </home/mroe/workspace/notes/uni/dissertation/writeup/images/openflow13.png>] [9pdfTeX warning (ext4): destination with the same identifier (name{table.2.1}) has been already used, duplicate ignored

\AtBegShi@Output ...ipout \box \AtBeginShipoutBox 
                                                  \fi \fi 
l.602 \newpage
              ] [10] [11]
Overfull \hbox (2.40912pt too wide) in paragraph at lines 697--704
\OT1/cmr/m/n/12 The Ryu Con-troller is a component-based software-defined net-work-ing frame-
 []

[12pdfTeX warning (ext4): destination with the same identifier (name{table.2.2}) has been already used, duplicate ignored

\AtBegShi@Output ...ipout \box \AtBeginShipoutBox 
                                                  \fi \fi 
l.736 \newpage
              ]
Overfull \hbox (2.66606pt too wide) in paragraph at lines 768--771
\OT1/cmr/m/n/12 mon-i-tor-ing by re-triev-ing in-for-ma-tion on sys-tem uti-liza-tion (CPU, mem-
 []

[13]
<images/arp-packet-format.jpg, id=1043, 449.42906pt x 229.60782pt>
File: images/arp-packet-format.jpg Graphic file (type jpg)
<use images/arp-packet-format.jpg>
Package pdftex.def Info: images/arp-packet-format.jpg  used on input line 793.
(pdftex.def)             Requested size: 359.54372pt x 183.6865pt.
Missing character: There is no â in font cmr12!
Missing character: There is no € in font cmr12!
Missing character: There is no ™ in font cmr12!
 [14pdfTeX warning (ext4): destination with the same identifier (name{figure.2.4}) has been already used, duplicate ignored

\AtBegShi@Output ...ipout \box \AtBeginShipoutBox 
                                                  \fi \fi 
l.813 
       </home/mroe/workspace/notes/uni/dissertation/writeup/images/arp-packet-format.jpg>]
<images/IDPS.png, id=1054, 701.62125pt x 153.57375pt>
File: images/IDPS.png Graphic file (type png)
<use images/IDPS.png>
Package pdftex.def Info: images/IDPS.png  used on input line 845.
(pdftex.def)             Requested size: 350.80975pt x 76.78668pt.
 [15pdfTeX warning (ext4): destination with the same identifier (name{figure.2.5}) has been already used, duplicate ignored

\AtBegShi@Output ...ipout \box \AtBeginShipoutBox 
                                                  \fi \fi 
l.852 \begin{itemize}
                      </home/mroe/workspace/notes/uni/dissertation/writeup/images/IDPS.png>] [16]
Chapter 3.

Overfull \hbox (16.63654pt too wide) in paragraph at lines 921--921
 |[]\OT1/cmr/bx/n/14.4 IDPS us-ing SDN: De-fend-ing against port-scanning
 []

[17

]
Underfull \hbox (badness 10000) in paragraph at lines 928--935

 []

[18] [19]
<images/dr_arpLIT.png, id=1086, 277.035pt x 259.97125pt>
File: images/dr_arpLIT.png Graphic file (type png)
<use images/dr_arpLIT.png>
Package pdftex.def Info: images/dr_arpLIT.png  used on input line 1014.
(pdftex.def)             Requested size: 171.75992pt x 161.1805pt.
 [20pdfTeX warning (ext4): destination with the same identifier (name{figure.3.1}) has been already used, duplicate ignored

\AtBegShi@Output ...ipout \box \AtBeginShipoutBox 
                                                  \fi \fi 
l.1038 
        </home/mroe/workspace/notes/uni/dissertation/writeup/images/dr_arpLIT.png>]
<images/hp_layout.png, id=1098, 357.335pt x 234.8775pt>
File: images/hp_layout.png Graphic file (type png)
<use images/hp_layout.png>
Package pdftex.def Info: images/hp_layout.png  used on input line 1057.
(pdftex.def)             Requested size: 214.40265pt x 140.92758pt.
 [21pdfTeX warning (ext4): destination with the same identifier (name{figure.3.2}) has been already used, duplicate ignored

\AtBegShi@Output ...ipout \box \AtBeginShipoutBox 
                                                  \fi \fi 
l.1091 
        </home/mroe/workspace/notes/uni/dissertation/writeup/images/hp_layout.png>] [22]
Underfull \hbox (badness 10000) in paragraph at lines 1172--1181

 []

[23pdfTeX warning (ext4): destination with the same identifier (name{table.3.1}) has been already used, duplicate ignored

\AtBegShi@Output ...ipout \box \AtBeginShipoutBox 
                                                  \fi \fi 
l.1181 
       pdfTeX warning (ext4): destination with the same identifier (name{table.3.2}) has been already used, duplicate ignored

\AtBegShi@Output ...ipout \box \AtBeginShipoutBox 
                                                  \fi \fi 
l.1181 
       ]
Underfull \hbox (badness 10000) in paragraph at lines 1182--1192

 []


Underfull \hbox (badness 10000) in paragraph at lines 1193--1204

 []

[24]
Chapter 4.
[25

]
<images/IDPSflow.png, id=1164, 561.09625pt x 865.2325pt>
File: images/IDPSflow.png Graphic file (type png)
<use images/IDPSflow.png>
Package pdftex.def Info: images/IDPSflow.png  used on input line 1279.
(pdftex.def)             Requested size: 375.93254pt x 579.70277pt.
 [26] [27pdfTeX warning (ext4): destination with the same identifier (name{figure.4.1}) has been already used, duplicate ignored

\AtBegShi@Output ...ipout \box \AtBeginShipoutBox 
                                                  \fi \fi 
l.1284 \newpage
                </home/mroe/workspace/notes/uni/dissertation/writeup/images/IDPSflow.png>]
Overfull \hbox (13.6464pt too wide) in paragraph at lines 1295--1311
 [][] 
 []

[28pdfTeX warning (ext4): destination with the same identifier (name{table.4.1}) has been already used, duplicate ignored

\AtBegShi@Output ...ipout \box \AtBeginShipoutBox 
                                                  \fi \fi 
l.1315 \newpage
               ]
Overfull \hbox (1.0391pt too wide) in paragraph at lines 1330--1346
 [][] 
 []

[29pdfTeX warning (ext4): destination with the same identifier (name{table.4.2}) has been already used, duplicate ignored

\AtBegShi@Output ...ipout \box \AtBeginShipoutBox 
                                                  \fi \fi 
l.1350 \newpage
               ] [30] (/usr/share/texmf-dist/tex/latex/listings/lstlang1.sty
File: lstlang1.sty 2020/03/24 1.8d listings language file
) (/usr/share/texmf-dist/tex/latex/listings/lstlang1.sty
File: lstlang1.sty 2020/03/24 1.8d listings language file
)
Package hyperref Info: bookmark level for unknown lstlisting defaults to 0 on input line 1396.

Overfull \hbox (8.20572pt too wide) in paragraph at lines 1426--1430
\OT1/cmr/m/n/12 An in-com-ing ARP packet en-ter-ing the IDPS is com-pared to the \OT1/cmr/m/it/12 mac[]knownlist\OT1/cmr/m/n/12 ,
 []

[31] [32] [33]
<../tests/RTT/proxy.png, id=1232, 540.0175pt x 303.1325pt>
File: ../tests/RTT/proxy.png Graphic file (type png)
<use ../tests/RTT/proxy.png>
Package pdftex.def Info: ../tests/RTT/proxy.png  used on input line 1532.
(pdftex.def)             Requested size: 270.00809pt x 151.56587pt.
 [34pdfTeX warning (ext4): destination with the same identifier (name{figure.4.2}) has been already used, duplicate ignored

\AtBegShi@Output ...ipout \box \AtBeginShipoutBox 
                                                  \fi \fi 
l.1558 
        </home/mroe/workspace/notes/uni/dissertation/writeup/../tests/RTT/proxy.png>] [35pdfTeX warning (ext4): destination with the same identifier (name{table.4.3}) has been already used, duplicate ignored

\AtBegShi@Output ...ipout \box \AtBeginShipoutBox 
                                                  \fi \fi 
l.1590 \end{lstlisting}
                       ] [36pdfTeX warning (ext4): destination with the same identifier (name{algocf.1}) has been already used, duplicate ignored

\AtBegShi@Output ...ipout \box \AtBeginShipoutBox 
                                                  \fi \fi 
l.1701 
       pdfTeX warning (ext4): destination with the same identifier (name{figure.4.3}) has been already used, duplicate ignored

\AtBegShi@Output ...ipout \box \AtBeginShipoutBox 
                                                  \fi \fi 
l.1701 
       ]
Overfull \vbox (9.91632pt too high) has occurred while \output is active []

 [37pdfTeX warning (ext4): destination with the same identifier (name{algocf.2}) has been already used, duplicate ignored

\AtBegShi@Output ...ipout \box \AtBeginShipoutBox 
                                                  \fi \fi 
l.1701 
       pdfTeX warning (ext4): destination with the same identifier (name{figure.4.4}) has been already used, duplicate ignored

\AtBegShi@Output ...ipout \box \AtBeginShipoutBox 
                                                  \fi \fi 
l.1701 
       ]
Chapter 5.
<images/routerinside.png, id=1320, 602.25pt x 230.8625pt>
File: images/routerinside.png Graphic file (type png)
<use images/routerinside.png>
Package pdftex.def Info: images/routerinside.png  used on input line 1734.
(pdftex.def)             Requested size: 391.45786pt x 150.05884pt.

Overfull \hbox (4.7849pt too wide) in paragraph at lines 1734--1735
 [][] 
 []

[38

pdfTeX warning (ext4): destination with the same identifier (name{figure.5.1}) has been already used, duplicate ignored

\AtBegShi@Output ...ipout \box \AtBeginShipoutBox 
                                                  \fi \fi 
l.1743 
        </home/mroe/workspace/notes/uni/dissertation/writeup/images/routerinside.png>]
<images/routerinsideSDN.png, id=1330, 602.25pt x 200.75pt>
File: images/routerinsideSDN.png Graphic file (type png)
<use images/routerinsideSDN.png>
Package pdftex.def Info: images/routerinsideSDN.png  used on input line 1757.
(pdftex.def)             Requested size: 391.45786pt x 130.48595pt.

Overfull \hbox (4.7849pt too wide) in paragraph at lines 1757--1758
 [][] 
 []

LaTeX Font Info:    Trying to load font information for TS1+cmtt on input line 1769.
(/usr/share/texmf-dist/tex/latex/base/ts1cmtt.fd
File: ts1cmtt.fd 2019/12/16 v2.5j Standard LaTeX font definitions
) (/home/mroe/workspace/notes/uni/dissertation/writeup/../code/snippets/OVSwitchCMD.txt [39pdfTeX warning (ext4): destination with the same identifier (name{figure.5.2}) has been already used, duplicate ignored

\AtBegShi@Output ...ipout \box \AtBeginShipoutBox 
                                                  \fi \fi 
l.3 #
      Set Bridge IP address </home/mroe/workspace/notes/uni/dissertation/writeup/images/routerinsideSDN.png>]) (/home/mroe/workspace/notes/uni/dissertation/writeup/../code/snippets/Archerdnsmasq.txt) [40] [41]
Overfull \hbox (11.2761pt too wide) in paragraph at lines 1887--1896
 [][] 
 []

<images/networktopo.png, id=1396, 504.88625pt x 487.8225pt>
File: images/networktopo.png Graphic file (type png)
<use images/networktopo.png>
Package pdftex.def Info: images/networktopo.png  used on input line 1908.
(pdftex.def)             Requested size: 328.17215pt x 317.08086pt.
[42pdfTeX warning (ext4): destination with the same identifier (name{table.5.1}) has been already used, duplicate ignored

\AtBegShi@Output ...ipout \box \AtBeginShipoutBox 
                                                  \fi \fi 
l.1912 
       ]
<images/testbedReal.png, id=1406, 474.8139pt x 374.3586pt>
File: images/testbedReal.png Graphic file (type png)
<use images/testbedReal.png>
Package pdftex.def Info: images/testbedReal.png  used on input line 1915.
(pdftex.def)             Requested size: 346.61127pt x 273.2795pt.
 [43pdfTeX warning (ext4): destination with the same identifier (name{figure.5.3}) has been already used, duplicate ignored

\AtBegShi@Output ...ipout \box \AtBeginShipoutBox 
                                                  \fi \fi 
l.1924 \subsection{IDPS Configuration Tool}
                                           pdfTeX warning (ext4): destination with the same identifier (name{figure.5.4}) has been already used, duplicate ignored

\AtBegShi@Output ...ipout \box \AtBeginShipoutBox 
                                                  \fi \fi 
l.1924 \subsection{IDPS Configuration Tool}
                                            </home/mroe/workspace/notes/uni/dissertation/writeup/images/networktopo.png> </home/mroe/workspace/notes/uni/dissertation/writeup/images/testbedReal.png>] [44] [45pdfTeX warning (ext4): destination with the same identifier (name{table.5.2}) has been already used, duplicate ignored

\AtBegShi@Output ...ipout \box \AtBeginShipoutBox 
                                                  \fi \fi 
l.2020 \chapter
               {Experiments and Results}]
Chapter 6.
[46

pdfTeX warning (ext4): destination with the same identifier (name{table.6.1}) has been already used, duplicate ignored

\AtBegShi@Output ...ipout \box \AtBeginShipoutBox 
                                                  \fi \fi 
l.2053 \newpage
               ]
<images/exp1set.png, id=1463, 647.41875pt x 279.0425pt>
File: images/exp1set.png Graphic file (type png)
<use images/exp1set.png>
Package pdftex.def Info: images/exp1set.png  used on input line 2117.
(pdftex.def)             Requested size: 388.45424pt x 167.42679pt.

Overfull \hbox (1.78128pt too wide) in paragraph at lines 2117--2118
 [][] 
 []

[47pdfTeX warning (ext4): destination with the same identifier (name{table.6.2}) has been already used, duplicate ignored

\AtBegShi@Output ...ipout \box \AtBeginShipoutBox 
                                                  \fi \fi 
l.2121 
       ] [48pdfTeX warning (ext4): destination with the same identifier (name{figure.6.1}) has been already used, duplicate ignored

\AtBegShi@Output ...ipout \box \AtBeginShipoutBox 
                                                  \fi \fi 
l.2151 
        </home/mroe/workspace/notes/uni/dissertation/writeup/images/exp1set.png>] [49]
Overfull \hbox (8.04805pt too wide) in paragraph at lines 2221--2224
\OT1/cmr/m/n/12 pack-ets by ac-cu-rately de-tect-ing ev-ery poi-soned ARP packet for-warded through
 []

[50]
<../tests/a11/packetinNoArp.png, id=1513, 823.075pt x 370.38374pt>
File: ../tests/a11/packetinNoArp.png Graphic file (type png)
<use ../tests/a11/packetinNoArp.png>
Package pdftex.def Info: ../tests/a11/packetinNoArp.png  used on input line 2257.
(pdftex.def)             Requested size: 403.31027pt x 181.48961pt.

Overfull \hbox (16.63731pt too wide) in paragraph at lines 2257--2258
 [][] 
 []

[51pdfTeX warning (ext4): destination with the same identifier (name{table.6.3}) has been already used, duplicate ignored

\AtBegShi@Output ...ipout \box \AtBeginShipoutBox 
                                                  \fi \fi 
l.2262 \newpage
               pdfTeX warning (ext4): destination with the same identifier (name{figure.6.2}) has been already used, duplicate ignored

\AtBegShi@Output ...ipout \box \AtBeginShipoutBox 
                                                  \fi \fi 
l.2262 \newpage
                </home/mroe/workspace/notes/uni/dissertation/writeup/../tests/a11/packetinNoArp.png>]
<../tests/a21/IDPSCap.png, id=1520, 530.98375pt x 66.2475pt>
File: ../tests/a21/IDPSCap.png Graphic file (type png)
<use ../tests/a21/IDPSCap.png>
Package pdftex.def Info: ../tests/a21/IDPSCap.png  used on input line 2269.
(pdftex.def)             Requested size: 371.68608pt x 46.37292pt.
<../tests/a11/dumpedrules.png, id=1521, 532.99126pt x 152.57pt>
File: ../tests/a11/dumpedrules.png Graphic file (type png)
<use ../tests/a11/dumpedrules.png>
Package pdftex.def Info: ../tests/a11/dumpedrules.png  used on input line 2276.
(pdftex.def)             Requested size: 346.44022pt x 99.16931pt.
<images/AllARPDet.png, id=1524, 572.1375pt x 334.24875pt>
File: images/AllARPDet.png Graphic file (type png)
<use images/AllARPDet.png>
Package pdftex.def Info: images/AllARPDet.png  used on input line 2288.
(pdftex.def)             Requested size: 360.44853pt x 210.57782pt.
 [52pdfTeX warning (ext4): destination with the same identifier (name{figure.6.3}) has been already used, duplicate ignored

\AtBegShi@Output ...ipout \box \AtBeginShipoutBox 
                                                  \fi \fi 
l.2297 \newpage
               pdfTeX warning (ext4): destination with the same identifier (name{figure.6.4}) has been already used, duplicate ignored

\AtBegShi@Output ...ipout \box \AtBeginShipoutBox 
                                                  \fi \fi 
l.2297 \newpage
               pdfTeX warning (ext4): destination with the same identifier (name{figure.6.5}) has been already used, duplicate ignored

\AtBegShi@Output ...ipout \box \AtBeginShipoutBox 
                                                  \fi \fi 
l.2297 \newpage
                </home/mroe/workspace/notes/uni/dissertation/writeup/../tests/a21/IDPSCap.png> </home/mroe/workspace/notes/uni/dissertation/writeup/../tests/a11/dumpedrules.png> </home/mroe/workspace/notes/uni/dissertation/writeup/images/AllARPDet.png>]
<../tests/RTT/diag.png, id=1532, 580.1675pt x 252.945pt>
File: ../tests/RTT/diag.png Graphic file (type png)
<use ../tests/RTT/diag.png>
Package pdftex.def Info: ../tests/RTT/diag.png  used on input line 2323.
(pdftex.def)             Requested size: 377.10439pt x 164.4123pt.
 [53pdfTeX warning (ext4): destination with the same identifier (name{figure.6.6}) has been already used, duplicate ignored

\AtBegShi@Output ...ipout \box \AtBeginShipoutBox 
                                                  \fi \fi 
l.2336 
        </home/mroe/workspace/notes/uni/dissertation/writeup/../tests/RTT/diag.png>]
<../tests/RTT/allfour.png, id=1540, 1013.7875pt x 609.27625pt>
File: ../tests/RTT/allfour.png Graphic file (type png)
<use ../tests/RTT/allfour.png>
Package pdftex.def Info: ../tests/RTT/allfour.png  used on input line 2359.
(pdftex.def)             Requested size: 354.83095pt x 213.24988pt.
 [54pdfTeX warning (ext4): destination with the same identifier (name{table.6.4}) has been already used, duplicate ignored

\AtBegShi@Output ...ipout \box \AtBeginShipoutBox 
                                                  \fi \fi 
l.2364 \newpage
               pdfTeX warning (ext4): destination with the same identifier (name{figure.6.7}) has been already used, duplicate ignored

\AtBegShi@Output ...ipout \box \AtBeginShipoutBox 
                                                  \fi \fi 
l.2364 \newpage
                </home/mroe/workspace/notes/uni/dissertation/writeup/../tests/RTT/allfour.png>]
<../tests/RTT/newflowrule.png, id=1549, 866.23625pt x 330.23375pt>
File: ../tests/RTT/newflowrule.png Graphic file (type png)
<use ../tests/RTT/newflowrule.png>
Package pdftex.def Info: ../tests/RTT/newflowrule.png  used on input line 2377.
(pdftex.def)             Requested size: 381.14513pt x 145.30328pt.
<../tests/RTT/newflowruleDone.png, id=1552, 866.23625pt x 79.29625pt>
File: ../tests/RTT/newflowruleDone.png Graphic file (type png)
<use ../tests/RTT/newflowruleDone.png>
Package pdftex.def Info: ../tests/RTT/newflowruleDone.png  used on input line 2391.
(pdftex.def)             Requested size: 381.14513pt x 34.89044pt.
 [55pdfTeX warning (ext4): destination with the same identifier (name{figure.6.8}) has been already used, duplicate ignored

\AtBegShi@Output ...ipout \box \AtBeginShipoutBox 
                                                  \fi \fi 
l.2409 
       pdfTeX warning (ext4): destination with the same identifier (name{figure.6.9}) has been already used, duplicate ignored

\AtBegShi@Output ...ipout \box \AtBeginShipoutBox 
                                                  \fi \fi 
l.2409 
        </home/mroe/workspace/notes/uni/dissertation/writeup/../tests/RTT/newflowrule.png> </home/mroe/workspace/notes/uni/dissertation/writeup/../tests/RTT/newflowruleDone.png>]
<../tests/RTT/ARP_RTT_full.png, id=1560, 498.86375pt x 288.07625pt>
File: ../tests/RTT/ARP_RTT_full.png Graphic file (type png)
<use ../tests/RTT/ARP_RTT_full.png>
Package pdftex.def Info: ../tests/RTT/ARP_RTT_full.png  used on input line 2412.
(pdftex.def)             Requested size: 389.11215pt x 224.69855pt.

Overfull \hbox (2.4392pt too wide) in paragraph at lines 2412--2413
 [][] 
 []

[56pdfTeX warning (ext4): destination with the same identifier (name{figure.6.10}) has been already used, duplicate ignored

\AtBegShi@Output ...ipout \box \AtBeginShipoutBox 
                                                  \fi \fi 
l.2418 \newpage
                </home/mroe/workspace/notes/uni/dissertation/writeup/../tests/RTT/ARP_RTT_full.png>] [57]
<../tests/CPU/allthreehoriz.png, id=1574, 1003.75pt x 589.20125pt>
File: ../tests/CPU/allthreehoriz.png Graphic file (type png)
<use ../tests/CPU/allthreehoriz.png>
Package pdftex.def Info: ../tests/CPU/allthreehoriz.png  used on input line 2478.
(pdftex.def)             Requested size: 301.12732pt x 176.76173pt.
<../tests/CPU/allthree.png, id=1576, 495.8525pt x 289.08pt>
File: ../tests/CPU/allthree.png Graphic file (type png)
<use ../tests/CPU/allthree.png>
Package pdftex.def Info: ../tests/CPU/allthree.png  used on input line 2485.
(pdftex.def)             Requested size: 312.38872pt x 182.12135pt.
 [58pdfTeX warning (ext4): destination with the same identifier (name{table.6.5}) has been already used, duplicate ignored

\AtBegShi@Output ...ipout \box \AtBeginShipoutBox 
                                                  \fi \fi 
l.2497 \chapter
               {Conclusion}pdfTeX warning (ext4): destination with the same identifier (name{figure.6.11}) has been already used, duplicate ignored

\AtBegShi@Output ...ipout \box \AtBeginShipoutBox 
                                                  \fi \fi 
l.2497 \chapter
               {Conclusion}pdfTeX warning (ext4): destination with the same identifier (name{figure.6.12}) has been already used, duplicate ignored

\AtBegShi@Output ...ipout \box \AtBeginShipoutBox 
                                                  \fi \fi 
l.2497 \chapter
               {Conclusion} </home/mroe/workspace/notes/uni/dissertation/writeup/../tests/CPU/allthreehoriz.png> </home/mroe/workspace/notes/uni/dissertation/writeup/../tests/CPU/allthree.png>]
Chapter 7.
[59

] (/home/mroe/workspace/notes/uni/dissertation/writeup/Main.bbl [60] [61

] [62] [63]) [64]
Appendix A.

Overfull \hbox (2.72758pt too wide) in alignment at lines 2615--2637
 [] [] [] 
 []


Underfull \vbox (badness 10000) detected at line 2637
 []


Overfull \hbox (2.72758pt too wide) in alignment at lines 2637--2657
 [] [] [] 
 []

[65

pdfTeX warning (ext4): destination with the same identifier (name{table.A.1}) has been already used, duplicate ignored

\AtBegShi@Output ...ipout \box \AtBeginShipoutBox 
                                                  \fi \fi 
l.2657 ...                               \\ \hline
                                                  ]
Overfull \hbox (2.72758pt too wide) in alignment at lines 2657--2663
 [] [] [] 
 []

[66] (/usr/share/texmf-dist/tex/latex/listings/lstlang1.sty
File: lstlang1.sty 2020/03/24 1.8d listings language file
) (/home/mroe/workspace/notes/uni/dissertation/writeup/../code/ARP_IDPS.py [67] [68] [69] [70] [71] [72] [73] [74] [75] [76]) (/home/mroe/workspace/notes/uni/dissertation/writeup/../code/ARP_IDPS_tool.py [77]) (/home/mroe/workspace/notes/uni/dissertation/writeup/../code/snippets/mac_knownlist.csv) (/home/mroe/workspace/notes/uni/dissertation/writeup/../code/snippets/dhcp_whitelist.csv) (/home/mroe/workspace/notes/uni/dissertation/writeup/../code/snippets/log_20200820.csv) [78] (/home/mroe/workspace/notes/uni/dissertation/writeup/../code/snippets/ArcherConfig.txt [79]) (/home/mroe/workspace/notes/uni/dissertation/writeup/../code/snippets/Archerdnsmasq.txt) (/home/mroe/workspace/notes/uni/dissertation/writeup/../code/snippets/OVSwitchCMD.txt) (/home/mroe/workspace/notes/uni/dissertation/writeup/../code/snippets/dhcpClear.sh [80]) (/home/mroe/workspace/notes/uni/dissertation/writeup/../code/snippets/ntpCli.txt) (/home/mroe/workspace/notes/uni/dissertation/writeup/../code/snippets/ntpSrv.txt [81]) (/home/mroe/workspace/notes/uni/dissertation/writeup/../code/ARP_IDPS_test.py [82] [83] [84] [85] [86]) (/home/mroe/workspace/notes/uni/dissertation/writeup/../code/Timediff.py [87]) (/home/mroe/workspace/notes/uni/dissertation/writeup/../code/snippets/arp_test_help.txt [88])
<../tests/a11/IDPSCap.png, id=2688, 541.02126pt x 86.3225pt>
File: ../tests/a11/IDPSCap.png Graphic file (type png)
<use ../tests/a11/IDPSCap.png>
Package pdftex.def Info: ../tests/a11/IDPSCap.png  used on input line 2719.
(pdftex.def)             Requested size: 378.7123pt x 60.42531pt.
<../tests/aAll/ARP_A1.1_Detection_Time_(Milliseconds)_.png, id=2689, 602.25pt x 372.39125pt>
File: ../tests/aAll/ARP_A1.1_Detection_Time_(Milliseconds)_.png Graphic file (type png)
<use ../tests/aAll/ARP_A1.1_Detection_Time_(Milliseconds)_.png>
Package pdftex.def Info: ../tests/aAll/ARP_A1.1_Detection_Time_(Milliseconds)_.png  used on input line 2725.
(pdftex.def)             Requested size: 391.45786pt x 242.05144pt.

Overfull \hbox (4.7849pt too wide) in paragraph at lines 2725--2726
 [][] 
 []

<../tests/a12/IDPSCap.png, id=2690, 526.96875pt x 86.3225pt>
File: ../tests/a12/IDPSCap.png Graphic file (type png)
<use ../tests/a12/IDPSCap.png>
Package pdftex.def Info: ../tests/a12/IDPSCap.png  used on input line 2732.
(pdftex.def)             Requested size: 368.8756pt x 60.42531pt.
<../tests/aAll/ARP_A1.2_Detection_Time_(Milliseconds)_.png, id=2691, 602.25pt x 372.39125pt>
File: ../tests/aAll/ARP_A1.2_Detection_Time_(Milliseconds)_.png Graphic file (type png)
<use ../tests/aAll/ARP_A1.2_Detection_Time_(Milliseconds)_.png>
Package pdftex.def Info: ../tests/aAll/ARP_A1.2_Detection_Time_(Milliseconds)_.png  used on input line 2739.
(pdftex.def)             Requested size: 391.45786pt x 242.05144pt.

Overfull \hbox (4.7849pt too wide) in paragraph at lines 2739--2740
 [][] 
 []

[89pdfTeX warning (ext4): destination with the same identifier (name{figure.A.1}) has been already used, duplicate ignored

\AtBegShi@Output ...ipout \box \AtBeginShipoutBox 
                                                  \fi \fi 
l.2743 
       pdfTeX warning (ext4): destination with the same identifier (name{figure.A.2}) has been already used, duplicate ignored

\AtBegShi@Output ...ipout \box \AtBeginShipoutBox 
                                                  \fi \fi 
l.2743 
       pdfTeX warning (ext4): destination with the same identifier (name{figure.A.3}) has been already used, duplicate ignored

\AtBegShi@Output ...ipout \box \AtBeginShipoutBox 
                                                  \fi \fi 
l.2743 
        </home/mroe/workspace/notes/uni/dissertation/writeup/../tests/a11/IDPSCap.png> </home/mroe/workspace/notes/uni/dissertation/writeup/../tests/aAll/ARP_A1.1_Detection_Time_(Milliseconds)_.png> </home/mroe/workspace/notes/uni/dissertation/writeup/../tests/a12/IDPSCap.png>]
<../tests/a13/IDPSCap.png, id=2702, 528.97626pt x 87.32625pt>
File: ../tests/a13/IDPSCap.png Graphic file (type png)
<use ../tests/a13/IDPSCap.png>
Package pdftex.def Info: ../tests/a13/IDPSCap.png  used on input line 2746.
(pdftex.def)             Requested size: 370.28085pt x 61.12794pt.
<../tests/aAll/ARP_A1.3_Detection_Time_(Milliseconds)_.png, id=2703, 602.25pt x 372.39125pt>
File: ../tests/aAll/ARP_A1.3_Detection_Time_(Milliseconds)_.png Graphic file (type png)
<use ../tests/aAll/ARP_A1.3_Detection_Time_(Milliseconds)_.png>
Package pdftex.def Info: ../tests/aAll/ARP_A1.3_Detection_Time_(Milliseconds)_.png  used on input line 2752.
(pdftex.def)             Requested size: 391.45786pt x 242.05144pt.

Overfull \hbox (4.7849pt too wide) in paragraph at lines 2752--2753
 [][] 
 []

[90pdfTeX warning (ext4): destination with the same identifier (name{figure.A.4}) has been already used, duplicate ignored

\AtBegShi@Output ...ipout \box \AtBeginShipoutBox 
                                                  \fi \fi 
l.2756 
       pdfTeX warning (ext4): destination with the same identifier (name{figure.A.5}) has been already used, duplicate ignored

\AtBegShi@Output ...ipout \box \AtBeginShipoutBox 
                                                  \fi \fi 
l.2756 
        </home/mroe/workspace/notes/uni/dissertation/writeup/../tests/aAll/ARP_A1.2_Detection_Time_(Milliseconds)_.png> </home/mroe/workspace/notes/uni/dissertation/writeup/../tests/a13/IDPSCap.png>]
File: ../tests/a21/IDPSCap.png Graphic file (type png)
<use ../tests/a21/IDPSCap.png>
Package pdftex.def Info: ../tests/a21/IDPSCap.png  used on input line 2759.
(pdftex.def)             Requested size: 371.68608pt x 46.37292pt.
<../tests/aAll/ARP_A2.1_Detection_Time_(Milliseconds)_.png, id=2710, 602.25pt x 372.39125pt>
File: ../tests/aAll/ARP_A2.1_Detection_Time_(Milliseconds)_.png Graphic file (type png)
<use ../tests/aAll/ARP_A2.1_Detection_Time_(Milliseconds)_.png>
Package pdftex.def Info: ../tests/aAll/ARP_A2.1_Detection_Time_(Milliseconds)_.png  used on input line 2765.
(pdftex.def)             Requested size: 391.45786pt x 242.05144pt.

Overfull \hbox (4.7849pt too wide) in paragraph at lines 2765--2766
 [][] 
 []

[91pdfTeX warning (ext4): destination with the same identifier (name{figure.A.6}) has been already used, duplicate ignored

\AtBegShi@Output ...ipout \box \AtBeginShipoutBox 
                                                  \fi \fi 
l.2769 
       pdfTeX warning (ext4): destination with the same identifier (name{figure.A.7}) has been already used, duplicate ignored

\AtBegShi@Output ...ipout \box \AtBeginShipoutBox 
                                                  \fi \fi 
l.2769 
        </home/mroe/workspace/notes/uni/dissertation/writeup/../tests/aAll/ARP_A1.3_Detection_Time_(Milliseconds)_.png>]
<../tests/a22/IDPSCap.png, id=2716, 539.01375pt x 53.19875pt>
File: ../tests/a22/IDPSCap.png Graphic file (type png)
<use ../tests/a22/IDPSCap.png>
Package pdftex.def Info: ../tests/a22/IDPSCap.png  used on input line 2772.
(pdftex.def)             Requested size: 377.30704pt x 37.23886pt.
<../tests/aAll/ARP_A2.2_Detection_Time_(Milliseconds)_.png, id=2717, 602.25pt x 372.39125pt>
File: ../tests/aAll/ARP_A2.2_Detection_Time_(Milliseconds)_.png Graphic file (type png)
<use ../tests/aAll/ARP_A2.2_Detection_Time_(Milliseconds)_.png>
Package pdftex.def Info: ../tests/aAll/ARP_A2.2_Detection_Time_(Milliseconds)_.png  used on input line 2778.
(pdftex.def)             Requested size: 391.45786pt x 242.05144pt.

Overfull \hbox (4.7849pt too wide) in paragraph at lines 2778--2779
 [][] 
 []

<../tests/a23/IDPSCap.png, id=2718, 531.9875pt x 68.255pt>
File: ../tests/a23/IDPSCap.png Graphic file (type png)
<use ../tests/a23/IDPSCap.png>
Package pdftex.def Info: ../tests/a23/IDPSCap.png  used on input line 2785.
(pdftex.def)             Requested size: 372.38872pt x 47.77815pt.
<../tests/aAll/ARP_A2.3_Detection_Time_(Milliseconds)_.png, id=2719, 602.25pt x 372.39125pt>
File: ../tests/aAll/ARP_A2.3_Detection_Time_(Milliseconds)_.png Graphic file (type png)
<use ../tests/aAll/ARP_A2.3_Detection_Time_(Milliseconds)_.png>
Package pdftex.def Info: ../tests/aAll/ARP_A2.3_Detection_Time_(Milliseconds)_.png  used on input line 2791.
(pdftex.def)             Requested size: 391.45786pt x 242.05144pt.

Overfull \hbox (4.7849pt too wide) in paragraph at lines 2791--2792
 [][] 
 []

[92pdfTeX warning (ext4): destination with the same identifier (name{figure.A.8}) has been already used, duplicate ignored

\AtBegShi@Output ...ipout \box \AtBeginShipoutBox 
                                                  \fi \fi 
l.2794 \end{figure}
                   pdfTeX warning (ext4): destination with the same identifier (name{figure.A.9}) has been already used, duplicate ignored

\AtBegShi@Output ...ipout \box \AtBeginShipoutBox 
                                                  \fi \fi 
l.2794 \end{figure}
                   pdfTeX warning (ext4): destination with the same identifier (name{figure.A.10}) has been already used, duplicate ignored

\AtBegShi@Output ...ipout \box \AtBeginShipoutBox 
                                                  \fi \fi 
l.2794 \end{figure}
                    </home/mroe/workspace/notes/uni/dissertation/writeup/../tests/aAll/ARP_A2.1_Detection_Time_(Milliseconds)_.png> </home/mroe/workspace/notes/uni/dissertation/writeup/../tests/a22/IDPSCap.png> </home/mroe/workspace/notes/uni/dissertation/writeup/../tests/aAll/ARP_A2.2_Detection_Time_(Milliseconds)_.png>]
<../tests/a24/IDPSCap.png, id=2728, 532.99126pt x 52.195pt>
File: ../tests/a24/IDPSCap.png Graphic file (type png)
<use ../tests/a24/IDPSCap.png>
Package pdftex.def Info: ../tests/a24/IDPSCap.png  used on input line 2798.
(pdftex.def)             Requested size: 373.09134pt x 36.53624pt.
<../tests/aAll/ARP_A2.4_Detection_Time_(Milliseconds)_.png, id=2729, 602.25pt x 372.39125pt>
File: ../tests/aAll/ARP_A2.4_Detection_Time_(Milliseconds)_.png Graphic file (type png)
<use ../tests/aAll/ARP_A2.4_Detection_Time_(Milliseconds)_.png>
Package pdftex.def Info: ../tests/aAll/ARP_A2.4_Detection_Time_(Milliseconds)_.png  used on input line 2804.
(pdftex.def)             Requested size: 391.45786pt x 242.05144pt.

Overfull \hbox (4.7849pt too wide) in paragraph at lines 2804--2805
 [][] 
 []

[93pdfTeX warning (ext4): destination with the same identifier (name{figure.A.11}) has been already used, duplicate ignored

\AtBegShi@Output ...ipout \box \AtBeginShipoutBox 
                                                  \fi \fi 
l.2808 
       pdfTeX warning (ext4): destination with the same identifier (name{figure.A.12}) has been already used, duplicate ignored

\AtBegShi@Output ...ipout \box \AtBeginShipoutBox 
                                                  \fi \fi 
l.2808 
       pdfTeX warning (ext4): destination with the same identifier (name{figure.A.13}) has been already used, duplicate ignored

\AtBegShi@Output ...ipout \box \AtBeginShipoutBox 
                                                  \fi \fi 
l.2808 
        </home/mroe/workspace/notes/uni/dissertation/writeup/../tests/a23/IDPSCap.png> </home/mroe/workspace/notes/uni/dissertation/writeup/../tests/aAll/ARP_A2.3_Detection_Time_(Milliseconds)_.png> </home/mroe/workspace/notes/uni/dissertation/writeup/../tests/a24/IDPSCap.png>]
<../tests/a25/IDPSCap.png, id=2737, 530.98375pt x 67.25125pt>
File: ../tests/a25/IDPSCap.png Graphic file (type png)
<use ../tests/a25/IDPSCap.png>
Package pdftex.def Info: ../tests/a25/IDPSCap.png  used on input line 2811.
(pdftex.def)             Requested size: 371.68608pt x 47.07553pt.
<../tests/aAll/ARP_A2.5_Detection_Time_(Milliseconds)_.png, id=2738, 602.25pt x 372.39125pt>
File: ../tests/aAll/ARP_A2.5_Detection_Time_(Milliseconds)_.png Graphic file (type png)
<use ../tests/aAll/ARP_A2.5_Detection_Time_(Milliseconds)_.png>
Package pdftex.def Info: ../tests/aAll/ARP_A2.5_Detection_Time_(Milliseconds)_.png  used on input line 2817.
(pdftex.def)             Requested size: 391.45786pt x 242.05144pt.

Overfull \hbox (4.7849pt too wide) in paragraph at lines 2817--2818
 [][] 
 []

[94pdfTeX warning (ext4): destination with the same identifier (name{figure.A.14}) has been already used, duplicate ignored

\AtBegShi@Output ...ipout \box \AtBeginShipoutBox 
                                                  \fi \fi 
l.2821 
       pdfTeX warning (ext4): destination with the same identifier (name{figure.A.15}) has been already used, duplicate ignored

\AtBegShi@Output ...ipout \box \AtBeginShipoutBox 
                                                  \fi \fi 
l.2821 
        </home/mroe/workspace/notes/uni/dissertation/writeup/../tests/aAll/ARP_A2.4_Detection_Time_(Milliseconds)_.png> </home/mroe/workspace/notes/uni/dissertation/writeup/../tests/a25/IDPSCap.png>]
<../tests/RTT/newflowrulefull.png, id=2745, 932.48375pt x 474.77374pt>
File: ../tests/RTT/newflowrulefull.png Graphic file (type png)
<use ../tests/RTT/newflowrulefull.png>
Package pdftex.def Info: ../tests/RTT/newflowrulefull.png  used on input line 2828.
(pdftex.def)             Requested size: 391.6405pt x 199.40361pt.

Overfull \hbox (4.96754pt too wide) in paragraph at lines 2828--2829
 [][] 
 []

<../tests/RTT/TARP_RTT.png, id=2746, 500.87125pt x 290.08376pt>
File: ../tests/RTT/TARP_RTT.png Graphic file (type png)
<use ../tests/RTT/TARP_RTT.png>
Package pdftex.def Info: ../tests/RTT/TARP_RTT.png  used on input line 2835.
(pdftex.def)             Requested size: 350.60747pt x 203.05724pt.
[95pdfTeX warning (ext4): destination with the same identifier (name{figure.A.16}) has been already used, duplicate ignored

\AtBegShi@Output ...ipout \box \AtBeginShipoutBox 
                                                  \fi \fi 
l.2839 
       pdfTeX warning (ext4): destination with the same identifier (name{figure.A.17}) has been already used, duplicate ignored

\AtBegShi@Output ...ipout \box \AtBeginShipoutBox 
                                                  \fi \fi 
l.2839 
        </home/mroe/workspace/notes/uni/dissertation/writeup/../tests/aAll/ARP_A2.5_Detection_Time_(Milliseconds)_.png> </home/mroe/workspace/notes/uni/dissertation/writeup/../tests/RTT/newflowrulefull.png>]
<../tests/RTT/NFlow_RTT.png, id=2752, 495.8525pt x 288.07625pt>
File: ../tests/RTT/NFlow_RTT.png Graphic file (type png)
<use ../tests/RTT/NFlow_RTT.png>
Package pdftex.def Info: ../tests/RTT/NFlow_RTT.png  used on input line 2842.
(pdftex.def)             Requested size: 347.09438pt x 201.65198pt.
<../tests/RTT/EFlow_RTT.png, id=2753, 498.86375pt x 290.08376pt>
File: ../tests/RTT/EFlow_RTT.png Graphic file (type png)
<use ../tests/RTT/EFlow_RTT.png>
Package pdftex.def Info: ../tests/RTT/EFlow_RTT.png  used on input line 2849.
(pdftex.def)             Requested size: 349.20224pt x 203.05724pt.
 [96pdfTeX warning (ext4): destination with the same identifier (name{figure.A.18}) has been already used, duplicate ignored

\AtBegShi@Output ...ipout \box \AtBeginShipoutBox 
                                                  \fi \fi 
l.2853 
       pdfTeX warning (ext4): destination with the same identifier (name{figure.A.19}) has been already used, duplicate ignored

\AtBegShi@Output ...ipout \box \AtBeginShipoutBox 
                                                  \fi \fi 
l.2853 
        </home/mroe/workspace/notes/uni/dissertation/writeup/../tests/RTT/TARP_RTT.png> </home/mroe/workspace/notes/uni/dissertation/writeup/../tests/RTT/NFlow_RTT.png>]
<../tests/RTT/PARP_RTT.png, id=2761, 498.86375pt x 287.0725pt>
File: ../tests/RTT/PARP_RTT.png Graphic file (type png)
<use ../tests/RTT/PARP_RTT.png>
Package pdftex.def Info: ../tests/RTT/PARP_RTT.png  used on input line 2856.
(pdftex.def)             Requested size: 349.20224pt x 200.94937pt.
<../tests/CPU/idleCPU.png, id=2762, 492.84125pt x 293.095pt>
File: ../tests/CPU/idleCPU.png Graphic file (type png)
<use ../tests/CPU/idleCPU.png>
Package pdftex.def Info: ../tests/CPU/idleCPU.png  used on input line 2868.
(pdftex.def)             Requested size: 384.41461pt x 228.61316pt.
 [97pdfTeX warning (ext4): destination with the same identifier (name{figure.A.20}) has been already used, duplicate ignored

\AtBegShi@Output ...ipout \box \AtBeginShipoutBox 
                                                  \fi \fi 
l.2872 
       pdfTeX warning (ext4): destination with the same identifier (name{figure.A.21}) has been already used, duplicate ignored

\AtBegShi@Output ...ipout \box \AtBeginShipoutBox 
                                                  \fi \fi 
l.2872 
        </home/mroe/workspace/notes/uni/dissertation/writeup/../tests/RTT/EFlow_RTT.png> </home/mroe/workspace/notes/uni/dissertation/writeup/../tests/RTT/PARP_RTT.png>]
<../tests/CPU/useCPU.png, id=2769, 493.845pt x 289.08pt>
File: ../tests/CPU/useCPU.png Graphic file (type png)
<use ../tests/CPU/useCPU.png>
Package pdftex.def Info: ../tests/CPU/useCPU.png  used on input line 2875.
(pdftex.def)             Requested size: 385.19754pt x 225.48148pt.
<../tests/CPU/proxyCPU.png, id=2770, 494.84875pt x 292.09125pt>
File: ../tests/CPU/proxyCPU.png Graphic file (type png)
<use ../tests/CPU/proxyCPU.png>
Package pdftex.def Info: ../tests/CPU/proxyCPU.png  used on input line 2882.
(pdftex.def)             Requested size: 385.98048pt x 227.83023pt.
 [98pdfTeX warning (ext4): destination with the same identifier (name{figure.A.22}) has been already used, duplicate ignored

\AtBegShi@Output ...ipout \box \AtBeginShipoutBox 
                                                  \fi \fi 
l.2886 
       pdfTeX warning (ext4): destination with the same identifier (name{figure.A.23}) has been already used, duplicate ignored

\AtBegShi@Output ...ipout \box \AtBeginShipoutBox 
                                                  \fi \fi 
l.2886 
        </home/mroe/workspace/notes/uni/dissertation/writeup/../tests/CPU/idleCPU.png> </home/mroe/workspace/notes/uni/dissertation/writeup/../tests/CPU/useCPU.png>]
Package atveryend Info: Empty hook `BeforeClearDocument' on input line 2888.
 [99pdfTeX warning (ext4): destination with the same identifier (name{figure.A.24}) has been already used, duplicate ignored

\AtBegShi@Output ...ipout \box \AtBeginShipoutBox 
                                                  \fi \fi 
l.2888 \end{document}
                      </home/mroe/workspace/notes/uni/dissertation/writeup/../tests/CPU/proxyCPU.png>]
Package atveryend Info: Empty hook `AfterLastShipout' on input line 2888.
 (/home/mroe/workspace/notes/uni/dissertation/writeup/Main.aux)
Package atveryend Info: Executing hook `AtVeryEndDocument' on input line 2888.
Package atveryend Info: Executing hook `AtEndAfterFileList' on input line 2888.
Package rerunfilecheck Info: File `Main.out' has not changed.
(rerunfilecheck)             Checksum: 403A6FF0CEFFED750DD35DFF67924EEE;7924.


LaTeX Warning: There were multiply-defined labels.

Package atveryend Info: Empty hook `AtVeryVeryEnd' on input line 2888.
 ) 
Here is how much of TeX's memory you used:
 14497 strings out of 480478
 221748 string characters out of 5905959
 1036483 words of memory out of 5000000
 28714 multiletter control sequences out of 15000+600000
 540855 words of font info for 53 fonts, out of 8000000 for 9000
 1141 hyphenation exceptions out of 8191
 38i,20n,51p,514b,2093s stack positions out of 5000i,500n,10000p,200000b,80000s
{/usr/share/texmf-dist/fonts/enc/dvips/cm-super/cm-super-ts1.enc}</usr/share/texmf-dist/fonts/type1/public/amsfonts/cm/cmbx12.pfb></usr/share/texmf-dist/fonts/type1/public/amsfonts/cm/cmbx8.pfb></usr/share/texmf-dist/fonts/type1/public/amsfonts/cm/cmbxti10.pfb></usr/share/texmf-dist/fonts/type1/public/amsfonts/cm/cmr12.pfb></usr/share/texmf-dist/fonts/type1/public/amsfonts/cm/cmr17.pfb></usr/share/texmf-dist/fonts/type1/public/amsfonts/cm/cmr6.pfb></usr/share/texmf-dist/fonts/type1/public/amsfonts/cm/cmss12.pfb></usr/share/texmf-dist/fonts/type1/public/amsfonts/cm/cmti12.pfb></usr/share/texmf-dist/fonts/type1/public/amsfonts/cm/cmtt10.pfb></usr/share/texmf-dist/fonts/type1/public/amsfonts/cm/cmtt12.pfb></usr/share/texmf-dist/fonts/type1/public/cm-super/sfrm1200.pfb></usr/share/texmf-dist/fonts/type1/public/cm-super/sftt1000.pfb>
Output written on /home/mroe/workspace/notes/uni/dissertation/writeup/Main.pdf (110 pages, 9704198 bytes).
PDF statistics:
 3126 PDF objects out of 3580 (max. 8388607)
 2888 compressed objects within 29 object streams
 1448 named destinations out of 1728 (max. 500000)
 1150 words of extra memory for PDF output out of 10000 (max. 10000000)

